23-Jun-2020 16:27:57.189 INFORMAÇÕES [main] org.apache.catalina.startup.VersionLoggerListener.log Server version name:   Apache Tomcat/8.5.50
23-Jun-2020 16:27:57.292 INFORMAÇÕES [main] org.apache.catalina.startup.VersionLoggerListener.log Server built:          Dec 7 2019 19:19:46 UTC
23-Jun-2020 16:27:57.292 INFORMAÇÕES [main] org.apache.catalina.startup.VersionLoggerListener.log Server version number: 8.5.50.0
23-Jun-2020 16:27:57.292 INFORMAÇÕES [main] org.apache.catalina.startup.VersionLoggerListener.log OS Name:               Windows 10
23-Jun-2020 16:27:57.292 INFORMAÇÕES [main] org.apache.catalina.startup.VersionLoggerListener.log OS Version:            10.0
23-Jun-2020 16:27:57.294 INFORMAÇÕES [main] org.apache.catalina.startup.VersionLoggerListener.log Architecture:          amd64
23-Jun-2020 16:27:57.295 INFORMAÇÕES [main] org.apache.catalina.startup.VersionLoggerListener.log Java Home:             C:\Program Files\Java\jdk1.8.0_251\jre
23-Jun-2020 16:27:57.295 INFORMAÇÕES [main] org.apache.catalina.startup.VersionLoggerListener.log JVM Version:           1.8.0_251-b08
23-Jun-2020 16:27:57.295 INFORMAÇÕES [main] org.apache.catalina.startup.VersionLoggerListener.log JVM Vendor:            Oracle Corporation
23-Jun-2020 16:27:57.295 INFORMAÇÕES [main] org.apache.catalina.startup.VersionLoggerListener.log CATALINA_BASE:         D:\User\CursoJenkins\devops\apache-tomcat-8.5.50
23-Jun-2020 16:27:57.295 INFORMAÇÕES [main] org.apache.catalina.startup.VersionLoggerListener.log CATALINA_HOME:         D:\User\CursoJenkins\devops\apache-tomcat-8.5.50
23-Jun-2020 16:27:57.296 INFORMAÇÕES [main] org.apache.catalina.startup.VersionLoggerListener.log Command line argument: -Djava.util.logging.config.file=D:\User\CursoJenkins\devops\apache-tomcat-8.5.50\conf\logging.properties
23-Jun-2020 16:27:57.296 INFORMAÇÕES [main] org.apache.catalina.startup.VersionLoggerListener.log Command line argument: -Djava.util.logging.manager=org.apache.juli.ClassLoaderLogManager
23-Jun-2020 16:27:57.296 INFORMAÇÕES [main] org.apache.catalina.startup.VersionLoggerListener.log Command line argument: -Djdk.tls.ephemeralDHKeySize=2048
23-Jun-2020 16:27:57.296 INFORMAÇÕES [main] org.apache.catalina.startup.VersionLoggerListener.log Command line argument: -Djava.protocol.handler.pkgs=org.apache.catalina.webresources
23-Jun-2020 16:27:57.297 INFORMAÇÕES [main] org.apache.catalina.startup.VersionLoggerListener.log Command line argument: -Dignore.endorsed.dirs=
23-Jun-2020 16:27:57.298 INFORMAÇÕES [main] org.apache.catalina.startup.VersionLoggerListener.log Command line argument: -Dcatalina.base=D:\User\CursoJenkins\devops\apache-tomcat-8.5.50
23-Jun-2020 16:27:57.298 INFORMAÇÕES [main] org.apache.catalina.startup.VersionLoggerListener.log Command line argument: -Dcatalina.home=D:\User\CursoJenkins\devops\apache-tomcat-8.5.50
23-Jun-2020 16:27:57.299 INFORMAÇÕES [main] org.apache.catalina.startup.VersionLoggerListener.log Command line argument: -Djava.io.tmpdir=D:\User\CursoJenkins\devops\apache-tomcat-8.5.50\temp
23-Jun-2020 16:27:57.300 INFORMAÇÕES [main] org.apache.catalina.core.AprLifecycleListener.lifecycleEvent The APR based Apache Tomcat Native library which allows optimal performance in production environments was not found on the java.library.path: [C:\Program Files\Java\jdk1.8.0_251\bin;C:\Windows\Sun\Java\bin;C:\Windows\system32;C:\Windows;C:\Program Files\Java\jdk1.8.0_251\bin;C:\Program Files (x86)\Common Files\Oracle\Java\javapath;C:\Windows\system32;C:\Windows;C:\Windows\System32\Wbem;C:\Windows\System32\WindowsPowerShell\v1.0\;C:\Windows\System32\OpenSSH\;C:\Program Files\Git\cmd;D:\User\CursoJenkins\apache-maven-3.6.3\bin;C:\Users\User\AppData\Local\Microsoft\WindowsApps;;C:\Users\User\AppData\Local\Programs\Microsoft VS Code\bin;C:\Program Files\Docker Toolbox;.]
23-Jun-2020 16:27:58.659 INFORMAÇÕES [main] org.apache.coyote.AbstractProtocol.init Initializing ProtocolHandler ["http-nio-8001"]
23-Jun-2020 16:27:59.619 INFORMAÇÕES [main] org.apache.tomcat.util.net.NioSelectorPool.getSharedSelector Using a shared selector for servlet write/read
23-Jun-2020 16:27:59.659 INFORMAÇÕES [main] org.apache.coyote.AbstractProtocol.init Initializing ProtocolHandler ["ajp-nio-8009"]
23-Jun-2020 16:27:59.659 INFORMAÇÕES [main] org.apache.tomcat.util.net.NioSelectorPool.getSharedSelector Using a shared selector for servlet write/read
23-Jun-2020 16:27:59.659 INFORMAÇÕES [main] org.apache.catalina.startup.Catalina.load Initialization processed in 4046 ms
23-Jun-2020 16:27:59.822 INFORMAÇÕES [main] org.apache.catalina.core.StandardService.startInternal Starting service [Catalina]
23-Jun-2020 16:27:59.822 INFORMAÇÕES [main] org.apache.catalina.core.StandardEngine.startInternal Starting Servlet Engine: Apache Tomcat/8.5.50
23-Jun-2020 16:27:59.859 INFORMAÇÕES [localhost-startStop-1] org.apache.catalina.startup.HostConfig.deployDirectory Deploying web application directory [D:\User\CursoJenkins\devops\apache-tomcat-8.5.50\webapps\docs]
23-Jun-2020 16:28:00.339 INFORMAÇÕES [localhost-startStop-1] org.apache.catalina.startup.HostConfig.deployDirectory Deployment of web application directory [D:\User\CursoJenkins\devops\apache-tomcat-8.5.50\webapps\docs] has finished in [475] ms
23-Jun-2020 16:28:00.339 INFORMAÇÕES [localhost-startStop-1] org.apache.catalina.startup.HostConfig.deployDirectory Deploying web application directory [D:\User\CursoJenkins\devops\apache-tomcat-8.5.50\webapps\examples]
23-Jun-2020 16:28:01.599 INFORMAÇÕES [localhost-startStop-1] org.apache.catalina.startup.HostConfig.deployDirectory Deployment of web application directory [D:\User\CursoJenkins\devops\apache-tomcat-8.5.50\webapps\examples] has finished in [1,260] ms
23-Jun-2020 16:28:01.599 INFORMAÇÕES [localhost-startStop-1] org.apache.catalina.startup.HostConfig.deployDirectory Deploying web application directory [D:\User\CursoJenkins\devops\apache-tomcat-8.5.50\webapps\host-manager]
23-Jun-2020 16:28:01.664 INFORMAÇÕES [localhost-startStop-1] org.apache.catalina.startup.HostConfig.deployDirectory Deployment of web application directory [D:\User\CursoJenkins\devops\apache-tomcat-8.5.50\webapps\host-manager] has finished in [65] ms
23-Jun-2020 16:28:01.664 INFORMAÇÕES [localhost-startStop-1] org.apache.catalina.startup.HostConfig.deployDirectory Deploying web application directory [D:\User\CursoJenkins\devops\apache-tomcat-8.5.50\webapps\manager]
23-Jun-2020 16:28:01.709 INFORMAÇÕES [localhost-startStop-1] org.apache.catalina.startup.HostConfig.deployDirectory Deployment of web application directory [D:\User\CursoJenkins\devops\apache-tomcat-8.5.50\webapps\manager] has finished in [45] ms
23-Jun-2020 16:28:01.709 INFORMAÇÕES [localhost-startStop-1] org.apache.catalina.startup.HostConfig.deployDirectory Deploying web application directory [D:\User\CursoJenkins\devops\apache-tomcat-8.5.50\webapps\ROOT]
23-Jun-2020 16:28:01.740 INFORMAÇÕES [localhost-startStop-1] org.apache.catalina.startup.HostConfig.deployDirectory Deployment of web application directory [D:\User\CursoJenkins\devops\apache-tomcat-8.5.50\webapps\ROOT] has finished in [31] ms
23-Jun-2020 16:28:01.744 INFORMAÇÕES [main] org.apache.coyote.AbstractProtocol.start Starting ProtocolHandler ["http-nio-8001"]
23-Jun-2020 16:28:01.755 INFORMAÇÕES [main] org.apache.coyote.AbstractProtocol.start Starting ProtocolHandler ["ajp-nio-8009"]
23-Jun-2020 16:28:01.759 INFORMAÇÕES [main] org.apache.catalina.startup.Catalina.start Server startup in 2095 ms
23-Jun-2020 16:39:02.114 INFORMAÇÕES [ContainerBackgroundProcessor[StandardEngine[Catalina]]] org.apache.catalina.users.MemoryUserDatabase.backgroundProcess Reloading memory user database [UserDatabase] from updated source [file:/D:/User/CursoJenkins/devops/apache-tomcat-8.5.50/conf/tomcat-users.xml]
23-Jun-2020 16:41:09.683 INFORMAÇÕES [main] org.apache.catalina.startup.VersionLoggerListener.log Server version name:   Apache Tomcat/8.5.50
23-Jun-2020 16:41:09.683 INFORMAÇÕES [main] org.apache.catalina.startup.VersionLoggerListener.log Server built:          Dec 7 2019 19:19:46 UTC
23-Jun-2020 16:41:09.683 INFORMAÇÕES [main] org.apache.catalina.startup.VersionLoggerListener.log Server version number: 8.5.50.0
23-Jun-2020 16:41:09.683 INFORMAÇÕES [main] org.apache.catalina.startup.VersionLoggerListener.log OS Name:               Windows 10
23-Jun-2020 16:41:09.683 INFORMAÇÕES [main] org.apache.catalina.startup.VersionLoggerListener.log OS Version:            10.0
23-Jun-2020 16:41:09.683 INFORMAÇÕES [main] org.apache.catalina.startup.VersionLoggerListener.log Architecture:          amd64
23-Jun-2020 16:41:09.683 INFORMAÇÕES [main] org.apache.catalina.startup.VersionLoggerListener.log Java Home:             C:\Program Files\Java\jdk1.8.0_251\jre
23-Jun-2020 16:41:09.683 INFORMAÇÕES [main] org.apache.catalina.startup.VersionLoggerListener.log JVM Version:           1.8.0_251-b08
23-Jun-2020 16:41:09.683 INFORMAÇÕES [main] org.apache.catalina.startup.VersionLoggerListener.log JVM Vendor:            Oracle Corporation
23-Jun-2020 16:41:09.683 INFORMAÇÕES [main] org.apache.catalina.startup.VersionLoggerListener.log CATALINA_BASE:         D:\User\CursoJenkins\devops\apache-tomcat-8.5.50
23-Jun-2020 16:41:09.683 INFORMAÇÕES [main] org.apache.catalina.startup.VersionLoggerListener.log CATALINA_HOME:         D:\User\CursoJenkins\devops\apache-tomcat-8.5.50
23-Jun-2020 16:41:09.693 INFORMAÇÕES [main] org.apache.catalina.startup.VersionLoggerListener.log Command line argument: -Djava.util.logging.config.file=D:\User\CursoJenkins\devops\apache-tomcat-8.5.50\conf\logging.properties
23-Jun-2020 16:41:09.693 INFORMAÇÕES [main] org.apache.catalina.startup.VersionLoggerListener.log Command line argument: -Djava.util.logging.manager=org.apache.juli.ClassLoaderLogManager
23-Jun-2020 16:41:09.693 INFORMAÇÕES [main] org.apache.catalina.startup.VersionLoggerListener.log Command line argument: -Djdk.tls.ephemeralDHKeySize=2048
23-Jun-2020 16:41:09.693 INFORMAÇÕES [main] org.apache.catalina.startup.VersionLoggerListener.log Command line argument: -Djava.protocol.handler.pkgs=org.apache.catalina.webresources
23-Jun-2020 16:41:09.693 INFORMAÇÕES [main] org.apache.catalina.startup.VersionLoggerListener.log Command line argument: -Dignore.endorsed.dirs=
23-Jun-2020 16:41:09.693 INFORMAÇÕES [main] org.apache.catalina.startup.VersionLoggerListener.log Command line argument: -Dcatalina.base=D:\User\CursoJenkins\devops\apache-tomcat-8.5.50
23-Jun-2020 16:41:09.693 INFORMAÇÕES [main] org.apache.catalina.startup.VersionLoggerListener.log Command line argument: -Dcatalina.home=D:\User\CursoJenkins\devops\apache-tomcat-8.5.50
23-Jun-2020 16:41:09.693 INFORMAÇÕES [main] org.apache.catalina.startup.VersionLoggerListener.log Command line argument: -Djava.io.tmpdir=D:\User\CursoJenkins\devops\apache-tomcat-8.5.50\temp
23-Jun-2020 16:41:09.693 INFORMAÇÕES [main] org.apache.catalina.core.AprLifecycleListener.lifecycleEvent The APR based Apache Tomcat Native library which allows optimal performance in production environments was not found on the java.library.path: [C:\Program Files\Java\jdk1.8.0_251\bin;C:\Windows\Sun\Java\bin;C:\Windows\system32;C:\Windows;C:\Program Files\Java\jdk1.8.0_251\bin;C:\Program Files (x86)\Common Files\Oracle\Java\javapath;C:\Windows\system32;C:\Windows;C:\Windows\System32\Wbem;C:\Windows\System32\WindowsPowerShell\v1.0\;C:\Windows\System32\OpenSSH\;C:\Program Files\Git\cmd;D:\User\CursoJenkins\apache-maven-3.6.3\bin;C:\Users\User\AppData\Local\Microsoft\WindowsApps;;C:\Users\User\AppData\Local\Programs\Microsoft VS Code\bin;C:\Program Files\Docker Toolbox;.]
23-Jun-2020 16:41:09.808 INFORMAÇÕES [main] org.apache.coyote.AbstractProtocol.init Initializing ProtocolHandler ["http-nio-8001"]
23-Jun-2020 16:41:10.023 INFORMAÇÕES [main] org.apache.tomcat.util.net.NioSelectorPool.getSharedSelector Using a shared selector for servlet write/read
23-Jun-2020 16:41:10.039 INFORMAÇÕES [main] org.apache.coyote.AbstractProtocol.init Initializing ProtocolHandler ["ajp-nio-8009"]
23-Jun-2020 16:41:10.039 INFORMAÇÕES [main] org.apache.tomcat.util.net.NioSelectorPool.getSharedSelector Using a shared selector for servlet write/read
23-Jun-2020 16:41:10.039 INFORMAÇÕES [main] org.apache.catalina.startup.Catalina.load Initialization processed in 669 ms
23-Jun-2020 16:41:10.068 INFORMAÇÕES [main] org.apache.catalina.core.StandardService.startInternal Starting service [Catalina]
23-Jun-2020 16:41:10.068 INFORMAÇÕES [main] org.apache.catalina.core.StandardEngine.startInternal Starting Servlet Engine: Apache Tomcat/8.5.50
23-Jun-2020 16:41:10.073 INFORMAÇÕES [localhost-startStop-1] org.apache.catalina.startup.HostConfig.deployDirectory Deploying web application directory [D:\User\CursoJenkins\devops\apache-tomcat-8.5.50\webapps\docs]
23-Jun-2020 16:41:10.293 INFORMAÇÕES [localhost-startStop-1] org.apache.catalina.startup.HostConfig.deployDirectory Deployment of web application directory [D:\User\CursoJenkins\devops\apache-tomcat-8.5.50\webapps\docs] has finished in [215] ms
23-Jun-2020 16:41:10.293 INFORMAÇÕES [localhost-startStop-1] org.apache.catalina.startup.HostConfig.deployDirectory Deploying web application directory [D:\User\CursoJenkins\devops\apache-tomcat-8.5.50\webapps\examples]
23-Jun-2020 16:41:10.554 INFORMAÇÕES [localhost-startStop-1] org.apache.catalina.startup.HostConfig.deployDirectory Deployment of web application directory [D:\User\CursoJenkins\devops\apache-tomcat-8.5.50\webapps\examples] has finished in [261] ms
23-Jun-2020 16:41:10.554 INFORMAÇÕES [localhost-startStop-1] org.apache.catalina.startup.HostConfig.deployDirectory Deploying web application directory [D:\User\CursoJenkins\devops\apache-tomcat-8.5.50\webapps\host-manager]
23-Jun-2020 16:41:10.583 INFORMAÇÕES [localhost-startStop-1] org.apache.catalina.startup.HostConfig.deployDirectory Deployment of web application directory [D:\User\CursoJenkins\devops\apache-tomcat-8.5.50\webapps\host-manager] has finished in [29] ms
23-Jun-2020 16:41:10.583 INFORMAÇÕES [localhost-startStop-1] org.apache.catalina.startup.HostConfig.deployDirectory Deploying web application directory [D:\User\CursoJenkins\devops\apache-tomcat-8.5.50\webapps\manager]
23-Jun-2020 16:41:10.603 INFORMAÇÕES [localhost-startStop-1] org.apache.catalina.startup.HostConfig.deployDirectory Deployment of web application directory [D:\User\CursoJenkins\devops\apache-tomcat-8.5.50\webapps\manager] has finished in [20] ms
23-Jun-2020 16:41:10.603 INFORMAÇÕES [localhost-startStop-1] org.apache.catalina.startup.HostConfig.deployDirectory Deploying web application directory [D:\User\CursoJenkins\devops\apache-tomcat-8.5.50\webapps\ROOT]
23-Jun-2020 16:41:10.623 INFORMAÇÕES [localhost-startStop-1] org.apache.catalina.startup.HostConfig.deployDirectory Deployment of web application directory [D:\User\CursoJenkins\devops\apache-tomcat-8.5.50\webapps\ROOT] has finished in [20] ms
23-Jun-2020 16:41:10.623 INFORMAÇÕES [main] org.apache.coyote.AbstractProtocol.start Starting ProtocolHandler ["http-nio-8001"]
23-Jun-2020 16:41:10.634 INFORMAÇÕES [main] org.apache.coyote.AbstractProtocol.start Starting ProtocolHandler ["ajp-nio-8009"]
23-Jun-2020 16:41:10.639 INFORMAÇÕES [main] org.apache.catalina.startup.Catalina.start Server startup in 597 ms
23-Jun-2020 18:02:05.669 INFORMAÇÕES [http-nio-8001-exec-8] org.apache.catalina.startup.HostConfig.deployWAR Deploying web application archive [D:\User\CursoJenkins\devops\apache-tomcat-8.5.50\webapps\tasks-backend.war]
23-Jun-2020 18:02:16.513 INFORMAÇÕES [http-nio-8001-exec-8] org.apache.jasper.servlet.TldScanner.scanJars At least one JAR was scanned for TLDs yet contained no TLDs. Enable debug logging for this logger for a complete list of JARs that were scanned but no TLDs were found in them. Skipping unneeded JARs during scanning can improve startup time and JSP compilation time.
23-Jun-2020 18:02:16.525 INFORMAÇÕES [http-nio-8001-exec-8] org.apache.catalina.startup.HostConfig.deployWAR Deployment of web application archive [D:\User\CursoJenkins\devops\apache-tomcat-8.5.50\webapps\tasks-backend.war] has finished in [10,855] ms
23-Jun-2020 18:14:38.027 INFORMAÇÕES [http-nio-8001-exec-8] org.apache.catalina.startup.HostConfig.deployWAR Deploying web application archive [D:\User\CursoJenkins\devops\apache-tomcat-8.5.50\webapps\tasks.war]
23-Jun-2020 18:14:43.157 INFORMAÇÕES [http-nio-8001-exec-8] org.apache.jasper.servlet.TldScanner.scanJars At least one JAR was scanned for TLDs yet contained no TLDs. Enable debug logging for this logger for a complete list of JARs that were scanned but no TLDs were found in them. Skipping unneeded JARs during scanning can improve startup time and JSP compilation time.
23-Jun-2020 18:14:43.168 INFORMAÇÕES [http-nio-8001-exec-8] org.apache.catalina.startup.HostConfig.deployWAR Deployment of web application archive [D:\User\CursoJenkins\devops\apache-tomcat-8.5.50\webapps\tasks.war] has finished in [5,141] ms
